Traceback (most recent call last):
  File "/usr/local/lib/python3.10/dist-packages/transformers/utils/import_utils.py", line 1793, in _get_module
    return importlib.import_module("." + module_name, self.__name__)
  File "/usr/lib/python3.10/importlib/__init__.py", line 126, in import_module
    return _bootstrap._gcd_import(name[level:], package, level)
  File "<frozen importlib._bootstrap>", line 1050, in _gcd_import
  File "<frozen importlib._bootstrap>", line 1027, in _find_and_load
  File "<frozen importlib._bootstrap>", line 1006, in _find_and_load_unlocked
  File "<frozen importlib._bootstrap>", line 688, in _load_unlocked
  File "<frozen importlib._bootstrap_external>", line 883, in exec_module
  File "<frozen importlib._bootstrap>", line 241, in _call_with_frames_removed
  File "/usr/local/lib/python3.10/dist-packages/transformers/generation/utils.py", line 53, in <module>
    from .candidate_generator import (
  File "/usr/local/lib/python3.10/dist-packages/transformers/generation/candidate_generator.py", line 26, in <module>
    from sklearn.metrics import roc_curve
  File "/usr/local/lib/python3.10/dist-packages/sklearn/__init__.py", line 82, in <module>
    from .base import clone
  File "/usr/local/lib/python3.10/dist-packages/sklearn/base.py", line 17, in <module>
    from .utils import _IS_32BIT
  File "/usr/local/lib/python3.10/dist-packages/sklearn/utils/__init__.py", line 19, in <module>
    from .murmurhash import murmurhash3_32
  File "sklearn/utils/murmurhash.pyx", line 1, in init sklearn.utils.murmurhash
ValueError: numpy.dtype size changed, may indicate binary incompatibility. Expected 96 from C header, got 88 from PyObject

The above exception was the direct cause of the following exception:

Traceback (most recent call last):
  File "/usr/local/lib/python3.10/dist-packages/transformers/utils/import_utils.py", line 1793, in _get_module
    return importlib.import_module("." + module_name, self.__name__)
  File "/usr/lib/python3.10/importlib/__init__.py", line 126, in import_module
    return _bootstrap._gcd_import(name[level:], package, level)
  File "<frozen importlib._bootstrap>", line 1050, in _gcd_import
  File "<frozen importlib._bootstrap>", line 1027, in _find_and_load
  File "<frozen importlib._bootstrap>", line 1006, in _find_and_load_unlocked
  File "<frozen importlib._bootstrap>", line 688, in _load_unlocked
  File "<frozen importlib._bootstrap_external>", line 883, in exec_module
  File "<frozen importlib._bootstrap>", line 241, in _call_with_frames_removed
  File "/usr/local/lib/python3.10/dist-packages/transformers/models/auto/modeling_auto.py", line 21, in <module>
    from .auto_factory import (
  File "/usr/local/lib/python3.10/dist-packages/transformers/models/auto/auto_factory.py", line 40, in <module>
    from ...generation import GenerationMixin
  File "<frozen importlib._bootstrap>", line 1075, in _handle_fromlist
  File "/usr/local/lib/python3.10/dist-packages/transformers/utils/import_utils.py", line 1781, in __getattr__
    module = self._get_module(self._class_to_module[name])
  File "/usr/local/lib/python3.10/dist-packages/transformers/utils/import_utils.py", line 1795, in _get_module
    raise RuntimeError(
RuntimeError: Failed to import transformers.generation.utils because of the following error (look up to see its traceback):
numpy.dtype size changed, may indicate binary incompatibility. Expected 96 from C header, got 88 from PyObject

The above exception was the direct cause of the following exception:

Traceback (most recent call last):
  File "/data/private/self-prompt/self-prompt/train/finetune.py", line 30, in <module>
    from transformers import (
  File "<frozen importlib._bootstrap>", line 1075, in _handle_fromlist
  File "/usr/local/lib/python3.10/dist-packages/transformers/utils/import_utils.py", line 1782, in __getattr__
    value = getattr(module, name)
  File "/usr/local/lib/python3.10/dist-packages/transformers/utils/import_utils.py", line 1781, in __getattr__
    module = self._get_module(self._class_to_module[name])
  File "/usr/local/lib/python3.10/dist-packages/transformers/utils/import_utils.py", line 1795, in _get_module
    raise RuntimeError(
RuntimeError: Failed to import transformers.models.auto.modeling_auto because of the following error (look up to see its traceback):
Failed to import transformers.generation.utils because of the following error (look up to see its traceback):
numpy.dtype size changed, may indicate binary incompatibility. Expected 96 from C header, got 88 from PyObject
E1120 17:04:00.484000 101473 torch/distributed/elastic/multiprocessing/api.py:874] failed (exitcode: 1) local_rank: 0 (pid: 101747) of binary: /data/zhuldz/self-prompt/sx/bin/python
Traceback (most recent call last):
  File "/data/zhuldz/self-prompt/sx/bin/torchrun", line 7, in <module>
    sys.exit(main())
  File "/data/zhuldz/self-prompt/sx/lib/python3.10/site-packages/torch/distributed/elastic/multiprocessing/errors/__init__.py", line 357, in wrapper
    return f(*args, **kwargs)
  File "/data/zhuldz/self-prompt/sx/lib/python3.10/site-packages/torch/distributed/run.py", line 901, in main
    run(args)
  File "/data/zhuldz/self-prompt/sx/lib/python3.10/site-packages/torch/distributed/run.py", line 892, in run
    elastic_launch(
  File "/data/zhuldz/self-prompt/sx/lib/python3.10/site-packages/torch/distributed/launcher/api.py", line 143, in __call__
    return launch_agent(self._config, self._entrypoint, list(args))
  File "/data/zhuldz/self-prompt/sx/lib/python3.10/site-packages/torch/distributed/launcher/api.py", line 277, in launch_agent
    raise ChildFailedError(
torch.distributed.elastic.multiprocessing.errors.ChildFailedError: 
============================================================
/data/private/self-prompt/self-prompt/train/finetune.py FAILED
------------------------------------------------------------
Failures:
  <NO_OTHER_FAILURES>
------------------------------------------------------------
Root Cause (first observed failure):
[0]:
  time      : 2025-11-20_17:04:00
  host      : aimp-notebook-zhuldz-s7rj-0.headless-aimp-notebook-zhuldz-s7rj.app-t-aigc-8cqdt.svc.cluster.local
  rank      : 0 (local_rank: 0)
  exitcode  : 1 (pid: 101747)
  error_file: <N/A>
  traceback : To enable traceback see: https://pytorch.org/docs/stable/elastic/errors.html
============================================================
